[debug] [2022-12-28T15:59:42.021Z] ----------------------------------------------------------------------
[debug] [2022-12-28T15:59:42.023Z] Command:       C:\Program Files\nodejs\node.exe C:\Users\Lenovo\AppData\Roaming\npm\node_modules\firebase-tools\lib\bin\firebase.js init
[debug] [2022-12-28T15:59:42.023Z] CLI Version:   11.19.0
[debug] [2022-12-28T15:59:42.024Z] Platform:      win32
[debug] [2022-12-28T15:59:42.024Z] Node Version:  v18.12.0
[debug] [2022-12-28T15:59:42.024Z] Time:          Wed Dec 28 2022 21:59:42 GMT+0600 (Bangladesh Standard Time)
[debug] [2022-12-28T15:59:42.025Z] ----------------------------------------------------------------------
[debug] 
[debug] [2022-12-28T15:59:42.103Z] > command requires scopes: ["email","openid","https://www.googleapis.com/auth/cloudplatformprojects.readonly","https://www.googleapis.com/auth/firebase","https://www.googleapis.com/auth/cloud-platform"]
[debug] [2022-12-28T15:59:42.104Z] > authorizing via signed-in user (sagarwpress@gmail.com)
[info] 
     ######## #### ########  ######## ########     ###     ######  ########
     ##        ##  ##     ## ##       ##     ##  ##   ##  ##       ##
     ######    ##  ########  ######   ########  #########  ######  ######
     ##        ##  ##    ##  ##       ##     ## ##     ##       ## ##
     ##       #### ##     ## ######## ########  ##     ##  ######  ########

You're about to initialize a Firebase project in this directory:

  G:\project\Assignment\stationery-inventory-management

Before we get started, keep in mind:

  * You are initializing within an existing Firebase project directory

[info] 
=== Project Setup
[info] 
[info] First, let's associate this project directory with a Firebase project.
[info] You can create multiple project aliases by running firebase use --add, 
[info] but for now we'll just set up a default project.
[info] 
[debug] [2022-12-28T15:59:52.057Z] Using project from CLI flag: stotionery-inventory
[debug] [2022-12-28T15:59:52.058Z] > refreshing access token with scopes: []
[debug] [2022-12-28T15:59:52.060Z] >>> [apiv2][query] POST https://www.googleapis.com/oauth2/v3/token [none]
[debug] [2022-12-28T15:59:52.060Z] >>> [apiv2][body] POST https://www.googleapis.com/oauth2/v3/token [omitted]
[debug] [2022-12-28T15:59:52.412Z] <<< [apiv2][status] POST https://www.googleapis.com/oauth2/v3/token 400
[debug] [2022-12-28T15:59:52.413Z] <<< [apiv2][body] POST https://www.googleapis.com/oauth2/v3/token [omitted]
[debug] [2022-12-28T15:59:52.413Z] >>> [apiv2][query] GET https://firebase.googleapis.com/v1beta1/projects/stotionery-inventory [none]
[debug] [2022-12-28T15:59:52.909Z] <<< [apiv2][status] GET https://firebase.googleapis.com/v1beta1/projects/stotionery-inventory 401
[debug] [2022-12-28T15:59:52.910Z] <<< [apiv2][body] GET https://firebase.googleapis.com/v1beta1/projects/stotionery-inventory {"error":{"code":401,"message":"Request had invalid authentication credentials. Expected OAuth 2 access token, login cookie or other valid authentication credential. See https://developers.google.com/identity/sign-in/web/devconsole-project.","status":"UNAUTHENTICATED"}}
[debug] [2022-12-28T15:59:52.911Z] HTTP Error: 401, Request had invalid authentication credentials. Expected OAuth 2 access token, login cookie or other valid authentication credential. See https://developers.google.com/identity/sign-in/web/devconsole-project.
[debug] [2022-12-28T15:59:53.175Z] FirebaseError: HTTP Error: 401, Request had invalid authentication credentials. Expected OAuth 2 access token, login cookie or other valid authentication credential. See https://developers.google.com/identity/sign-in/web/devconsole-project.
    at responseToError (C:\Users\Lenovo\AppData\Roaming\npm\node_modules\firebase-tools\lib\responseToError.js:49:12)
    at RetryOperation._fn (C:\Users\Lenovo\AppData\Roaming\npm\node_modules\firebase-tools\lib\apiv2.js:288:77)
    at process.processTicksAndRejections (node:internal/process/task_queues:95:5)
[error] 
[error] Error: Failed to get Firebase project stotionery-inventory. Please make sure the project exists and your account has permission to access it.
[debug] [2022-12-28T16:05:21.795Z] ----------------------------------------------------------------------
[debug] [2022-12-28T16:05:21.796Z] Command:       C:\Program Files\nodejs\node.exe C:\Users\Lenovo\AppData\Roaming\npm\node_modules\firebase-tools\lib\bin\firebase.js deploy
[debug] [2022-12-28T16:05:21.797Z] CLI Version:   11.19.0
[debug] [2022-12-28T16:05:21.797Z] Platform:      win32
[debug] [2022-12-28T16:05:21.797Z] Node Version:  v18.12.0
[debug] [2022-12-28T16:05:21.798Z] Time:          Wed Dec 28 2022 22:05:21 GMT+0600 (Bangladesh Standard Time)
[debug] [2022-12-28T16:05:21.798Z] ----------------------------------------------------------------------
[debug] 
[debug] [2022-12-28T16:05:21.882Z] > command requires scopes: ["email","openid","https://www.googleapis.com/auth/cloudplatformprojects.readonly","https://www.googleapis.com/auth/firebase","https://www.googleapis.com/auth/cloud-platform"]
[debug] [2022-12-28T16:05:21.883Z] > authorizing via signed-in user (sagarwpress@gmail.com)
[debug] [2022-12-28T16:05:21.883Z] [iam] checking project stotionery-inventory for permissions ["firebase.projects.get","firebasehosting.sites.update"]
[debug] [2022-12-28T16:05:21.886Z] > refreshing access token with scopes: []
[debug] [2022-12-28T16:05:21.890Z] >>> [apiv2][query] POST https://www.googleapis.com/oauth2/v3/token [none]
[debug] [2022-12-28T16:05:21.890Z] >>> [apiv2][body] POST https://www.googleapis.com/oauth2/v3/token [omitted]
[debug] [2022-12-28T16:05:23.194Z] <<< [apiv2][status] POST https://www.googleapis.com/oauth2/v3/token 400
[debug] [2022-12-28T16:05:23.195Z] <<< [apiv2][body] POST https://www.googleapis.com/oauth2/v3/token [omitted]
[debug] [2022-12-28T16:05:23.195Z] >>> [apiv2][query] POST https://cloudresourcemanager.googleapis.com/v1/projects/stotionery-inventory:testIamPermissions [none]
[debug] [2022-12-28T16:05:23.196Z] >>> [apiv2][(partial)header] POST https://cloudresourcemanager.googleapis.com/v1/projects/stotionery-inventory:testIamPermissions x-goog-quota-user=projects/stotionery-inventory
[debug] [2022-12-28T16:05:23.196Z] >>> [apiv2][body] POST https://cloudresourcemanager.googleapis.com/v1/projects/stotionery-inventory:testIamPermissions {"permissions":["firebase.projects.get","firebasehosting.sites.update"]}
[debug] [2022-12-28T16:05:25.146Z] <<< [apiv2][status] POST https://cloudresourcemanager.googleapis.com/v1/projects/stotionery-inventory:testIamPermissions 401
[debug] [2022-12-28T16:05:25.146Z] <<< [apiv2][body] POST https://cloudresourcemanager.googleapis.com/v1/projects/stotionery-inventory:testIamPermissions {"error":{"code":401,"message":"Request had invalid authentication credentials. Expected OAuth 2 access token, login cookie or other valid authentication credential. See https://developers.google.com/identity/sign-in/web/devconsole-project.","status":"UNAUTHENTICATED","details":[{"@type":"type.googleapis.com/google.rpc.ErrorInfo","reason":"ACCESS_TOKEN_TYPE_UNSUPPORTED","metadata":{"service":"cloudresourcemanager.googleapis.com","method":"google.cloudresourcemanager.v1.Projects.TestIamPermissions"}}]}}
[debug] [2022-12-28T16:05:25.147Z] [iam] error while checking permissions, command may fail: FirebaseError: HTTP Error: 401, Request had invalid authentication credentials. Expected OAuth 2 access token, login cookie or other valid authentication credential. See https://developers.google.com/identity/sign-in/web/devconsole-project.
[debug] [2022-12-28T16:05:25.148Z] > refreshing access token with scopes: []
[debug] [2022-12-28T16:05:25.148Z] >>> [apiv2][query] POST https://www.googleapis.com/oauth2/v3/token [none]
[debug] [2022-12-28T16:05:25.148Z] >>> [apiv2][body] POST https://www.googleapis.com/oauth2/v3/token [omitted]
[debug] [2022-12-28T16:05:25.532Z] <<< [apiv2][status] POST https://www.googleapis.com/oauth2/v3/token 400
[debug] [2022-12-28T16:05:25.532Z] <<< [apiv2][body] POST https://www.googleapis.com/oauth2/v3/token [omitted]
[debug] [2022-12-28T16:05:25.533Z] >>> [apiv2][query] GET https://firebase.googleapis.com/v1beta1/projects/stotionery-inventory [none]
[debug] [2022-12-28T16:05:27.566Z] <<< [apiv2][status] GET https://firebase.googleapis.com/v1beta1/projects/stotionery-inventory 401
[debug] [2022-12-28T16:05:27.566Z] <<< [apiv2][body] GET https://firebase.googleapis.com/v1beta1/projects/stotionery-inventory {"error":{"code":401,"message":"Request had invalid authentication credentials. Expected OAuth 2 access token, login cookie or other valid authentication credential. See https://developers.google.com/identity/sign-in/web/devconsole-project.","status":"UNAUTHENTICATED"}}
[debug] [2022-12-28T16:05:27.566Z] HTTP Error: 401, Request had invalid authentication credentials. Expected OAuth 2 access token, login cookie or other valid authentication credential. See https://developers.google.com/identity/sign-in/web/devconsole-project.
[debug] [2022-12-28T16:05:32.577Z] Error: Timed out.
    at Timeout._onTimeout (C:\Users\Lenovo\AppData\Roaming\npm\node_modules\firebase-tools\lib\utils.js:253:49)
    at listOnTimeout (node:internal/timers:564:17)
    at process.processTimers (node:internal/timers:507:7)
[error] 
[error] Error: An unexpected error has occurred.
